# JRE version: OpenJDK Runtime Environment (21.0.10) (build 21.0.10+-14961533-b1163.108)
# Java VM: OpenJDK 64-Bit Server VM (21.0.10+-14961533-b1163.108, mixed mode, tiered, compressed oops, compressed class ptrs, g1 gc, windows-amd64)
GC Precious Log:
 CardTable entry size: 512
 Card Set container configuration: InlinePtr #cards 5 size 8 Array Of Cards #cards 12 size 40 Howl #buckets 4 coarsen threshold 1843 Howl Bitmap #cards 512 size 80 coarsen threshold 460 Card regions per heap region 1 cards per card region 2048
 CPUs: 12 total, 12 available
 Memory: 20332M
 Large Page Support: Disabled
 NUMA Support: Disabled
 Compressed Oops: Enabled (32-bit)
 Heap Region Size: 1M
 Heap Min Capacity: 8M
 Heap Initial Capacity: 318M
 Heap Max Capacity: 2G
 Pre-touch: Disabled
 Parallel Workers: 10
 Concurrent Workers: 3
 Concurrent Refinement Workers: 10
 Periodic GC: Disabled
Heap:
 garbage-first heap   total 82944K, used 34295K [0x0000000080000000, 0x0000000100000000)
  region size 1024K, 10 young (10240K), 6 survivors (6144K)
 Metaspace       used 48328K, committed 49600K, reserved 1114112K
  class space    used 6669K, committed 7296K, reserved 1048576K
GC Heap History (16 events):
Event: 0.518 GC heap before
{Heap before GC invocations=0 (full 0):
 garbage-first heap   total 325632K, used 27648K [0x0000000080000000, 0x0000000100000000)
  region size 1024K, 23 young (23552K), 0 survivors (0K)
 Metaspace       used 9904K, committed 10048K, reserved 1114112K
  class space    used 982K, committed 1024K, reserved 1048576K
}
Event: 0.520 GC heap after
{Heap after GC invocations=1 (full 0):
 garbage-first heap   total 325632K, used 10525K [0x0000000080000000, 0x0000000100000000)
  region size 1024K, 3 young (3072K), 3 survivors (3072K)
 Metaspace       used 9904K, committed 10048K, reserved 1114112K
  class space    used 982K, committed 1024K, reserved 1048576K
}
Event: 0.842 GC heap before
{Heap before GC invocations=1 (full 0):
 garbage-first heap   total 325632K, used 38173K [0x0000000080000000, 0x0000000100000000)
  region size 1024K, 30 young (30720K), 3 survivors (3072K)
 Metaspace       used 12820K, committed 12992K, reserved 1114112K
  class space    used 1412K, committed 1472K, reserved 1048576K
}
Event: 0.844 GC heap after
{Heap after GC invocations=2 (full 0):
 garbage-first heap   total 325632K, used 12233K [0x0000000080000000, 0x0000000100000000)
  region size 1024K, 2 young (2048K), 2 survivors (2048K)
 Metaspace       used 12820K, committed 12992K, reserved 1114112K
  class space    used 1412K, committed 1472K, reserved 1048576K
}
Event: 1.446 GC heap before
{Heap before GC invocations=2 (full 0):
 garbage-first heap   total 325632K, used 65481K [0x0000000080000000, 0x0000000100000000)
  region size 1024K, 54 young (55296K), 2 survivors (2048K)
 Metaspace       used 21170K, committed 21504K, reserved 1114112K
  class space    used 2478K, committed 2688K, reserved 1048576K
}
Event: 1.449 GC heap after
{Heap after GC invocations=3 (full 0):
 garbage-first heap   total 325632K, used 20473K [0x0000000080000000, 0x0000000100000000)
  region size 1024K, 9 young (9216K), 9 survivors (9216K)
 Metaspace       used 21170K, committed 21504K, reserved 1114112K
  class space    used 2478K, committed 2688K, reserved 1048576K
}
Event: 2.062 GC heap before
{Heap before GC invocations=4 (full 0):
 garbage-first heap   total 71680K, used 70649K [0x0000000080000000, 0x0000000100000000)
  region size 1024K, 58 young (59392K), 9 survivors (9216K)
 Metaspace       used 29282K, committed 29824K, reserved 1114112K
  class space    used 3764K, committed 4032K, reserved 1048576K
}
Event: 2.067 GC heap after
{Heap after GC invocations=5 (full 0):
 garbage-first heap   total 82944K, used 22998K [0x0000000080000000, 0x0000000100000000)
  region size 1024K, 11 young (11264K), 11 survivors (11264K)
 Metaspace       used 29282K, committed 29824K, reserved 1114112K
  class space    used 3764K, committed 4032K, reserved 1048576K
}
Event: 2.436 GC heap before
{Heap before GC invocations=5 (full 0):
 garbage-first heap   total 82944K, used 60886K [0x0000000080000000, 0x0000000100000000)
  region size 1024K, 48 young (49152K), 11 survivors (11264K)
 Metaspace       used 35266K, committed 35968K, reserved 1114112K
  class space    used 4629K, committed 4992K, reserved 1048576K
}
Event: 2.441 GC heap after
{Heap after GC invocations=6 (full 0):
 garbage-first heap   total 82944K, used 25289K [0x0000000080000000, 0x0000000100000000)
  region size 1024K, 6 young (6144K), 6 survivors (6144K)
 Metaspace       used 35266K, committed 35968K, reserved 1114112K
  class space    used 4629K, committed 4992K, reserved 1048576K
}
Event: 2.465 GC heap before
{Heap before GC invocations=6 (full 0):
 garbage-first heap   total 82944K, used 27337K [0x0000000080000000, 0x0000000100000000)
  region size 1024K, 9 young (9216K), 6 survivors (6144K)
 Metaspace       used 35570K, committed 36288K, reserved 1114112K
  class space    used 4673K, committed 5056K, reserved 1048576K
}
Event: 2.468 GC heap after
{Heap after GC invocations=7 (full 0):
 garbage-first heap   total 82944K, used 25884K [0x0000000080000000, 0x0000000100000000)
  region size 1024K, 3 young (3072K), 3 survivors (3072K)
 Metaspace       used 35570K, committed 36288K, reserved 1114112K
  class space    used 4673K, committed 5056K, reserved 1048576K
}
Event: 2.847 GC heap before
{Heap before GC invocations=8 (full 0):
 garbage-first heap   total 82944K, used 65820K [0x0000000080000000, 0x0000000100000000)
  region size 1024K, 43 young (44032K), 3 survivors (3072K)
 Metaspace       used 41295K, committed 42240K, reserved 1114112K
  class space    used 5673K, committed 6144K, reserved 1048576K
}
Event: 2.850 GC heap after
{Heap after GC invocations=9 (full 0):
 garbage-first heap   total 82944K, used 28069K [0x0000000080000000, 0x0000000100000000)
  region size 1024K, 5 young (5120K), 5 survivors (5120K)
 Metaspace       used 41295K, committed 42240K, reserved 1114112K
  class space    used 5673K, committed 6144K, reserved 1048576K
}
Event: 3.255 GC heap before
{Heap before GC invocations=9 (full 0):
 garbage-first heap   total 82944K, used 68005K [0x0000000080000000, 0x0000000100000000)
  region size 1024K, 45 young (46080K), 5 survivors (5120K)
 Metaspace       used 47910K, committed 49152K, reserved 1114112K
  class space    used 6606K, committed 7168K, reserved 1048576K
}
Event: 3.259 GC heap after
{Heap after GC invocations=10 (full 0):
 garbage-first heap   total 82944K, used 31223K [0x0000000080000000, 0x0000000100000000)
  region size 1024K, 6 young (6144K), 6 survivors (6144K)
 Metaspace       used 47910K, committed 49152K, reserved 1114112K
  class space    used 6606K, committed 7168K, reserved 1048576K
}

