# JRE version: OpenJDK Runtime Environment (21.0.10) (build 21.0.10+-14961533-b1163.108)
# Java VM: OpenJDK 64-Bit Server VM (21.0.10+-14961533-b1163.108, mixed mode, tiered, compressed oops, compressed class ptrs, g1 gc, windows-amd64)
GC Precious Log:
 CardTable entry size: 512
 Card Set container configuration: InlinePtr #cards 5 size 8 Array Of Cards #cards 12 size 40 Howl #buckets 4 coarsen threshold 1843 Howl Bitmap #cards 512 size 80 coarsen threshold 460 Card regions per heap region 1 cards per card region 2048
 CPUs: 12 total, 12 available
 Memory: 20332M
 Large Page Support: Disabled
 NUMA Support: Disabled
 Compressed Oops: Enabled (32-bit)
 Heap Region Size: 1M
 Heap Min Capacity: 8M
 Heap Initial Capacity: 318M
 Heap Max Capacity: 2G
 Pre-touch: Disabled
 Parallel Workers: 10
 Concurrent Workers: 3
 Concurrent Refinement Workers: 10
 Periodic GC: Disabled
Heap:
 garbage-first heap   total 147456K, used 84464K [0x0000000080000000, 0x0000000100000000)
  region size 1024K, 9 young (9216K), 6 survivors (6144K)
 Metaspace       used 80729K, committed 82688K, reserved 1179648K
  class space    used 11418K, committed 12352K, reserved 1048576K
GC Heap History (20 events):
Event: 4.173 GC heap before
{Heap before GC invocations=9 (full 0):
 garbage-first heap   total 95232K, used 80955K [0x0000000080000000, 0x0000000100000000)
  region size 1024K, 34 young (34816K), 6 survivors (6144K)
 Metaspace       used 43445K, committed 44480K, reserved 1114112K
  class space    used 6015K, committed 6528K, reserved 1048576K
}
Event: 4.176 GC heap after
{Heap after GC invocations=10 (full 0):
 garbage-first heap   total 95232K, used 54581K [0x0000000080000000, 0x0000000100000000)
  region size 1024K, 3 young (3072K), 3 survivors (3072K)
 Metaspace       used 43445K, committed 44480K, reserved 1114112K
  class space    used 6015K, committed 6528K, reserved 1048576K
}
Event: 4.516 GC heap before
{Heap before GC invocations=10 (full 0):
 garbage-first heap   total 95232K, used 82229K [0x0000000080000000, 0x0000000100000000)
  region size 1024K, 30 young (30720K), 3 survivors (3072K)
 Metaspace       used 46856K, committed 48128K, reserved 1114112K
  class space    used 6624K, committed 7232K, reserved 1048576K
}
Event: 4.518 GC heap after
{Heap after GC invocations=11 (full 0):
 garbage-first heap   total 95232K, used 56159K [0x0000000080000000, 0x0000000100000000)
  region size 1024K, 2 young (2048K), 2 survivors (2048K)
 Metaspace       used 46856K, committed 48128K, reserved 1114112K
  class space    used 6624K, committed 7232K, reserved 1048576K
}
Event: 4.897 GC heap before
{Heap before GC invocations=12 (full 0):
 garbage-first heap   total 96256K, used 82783K [0x0000000080000000, 0x0000000100000000)
  region size 1024K, 29 young (29696K), 2 survivors (2048K)
 Metaspace       used 51345K, committed 52800K, reserved 1114112K
  class space    used 7159K, committed 7872K, reserved 1048576K
}
Event: 4.899 GC heap after
{Heap after GC invocations=13 (full 0):
 garbage-first heap   total 96256K, used 58940K [0x0000000080000000, 0x0000000100000000)
  region size 1024K, 4 young (4096K), 4 survivors (4096K)
 Metaspace       used 51345K, committed 52800K, reserved 1114112K
  class space    used 7159K, committed 7872K, reserved 1048576K
}
Event: 5.236 GC heap before
{Heap before GC invocations=13 (full 0):
 garbage-first heap   total 96256K, used 85564K [0x0000000080000000, 0x0000000100000000)
  region size 1024K, 30 young (30720K), 4 survivors (4096K)
 Metaspace       used 54750K, committed 56320K, reserved 1114112K
  class space    used 7702K, committed 8448K, reserved 1048576K
}
Event: 5.240 GC heap after
{Heap after GC invocations=14 (full 0):
 garbage-first heap   total 96256K, used 61086K [0x0000000080000000, 0x0000000100000000)
  region size 1024K, 3 young (3072K), 3 survivors (3072K)
 Metaspace       used 54750K, committed 56320K, reserved 1114112K
  class space    used 7702K, committed 8448K, reserved 1048576K
}
Event: 5.573 GC heap before
{Heap before GC invocations=14 (full 0):
 garbage-first heap   total 96256K, used 84638K [0x0000000080000000, 0x0000000100000000)
  region size 1024K, 27 young (27648K), 3 survivors (3072K)
 Metaspace       used 57217K, committed 58816K, reserved 1114112K
  class space    used 8138K, committed 8896K, reserved 1048576K
}
Event: 5.575 GC heap after
{Heap after GC invocations=15 (full 0):
 garbage-first heap   total 96256K, used 62340K [0x0000000080000000, 0x0000000100000000)
  region size 1024K, 4 young (4096K), 4 survivors (4096K)
 Metaspace       used 57217K, committed 58816K, reserved 1114112K
  class space    used 8138K, committed 8896K, reserved 1048576K
}
Event: 5.900 GC heap before
{Heap before GC invocations=16 (full 0):
 garbage-first heap   total 109568K, used 87940K [0x0000000080000000, 0x0000000100000000)
  region size 1024K, 28 young (28672K), 4 survivors (4096K)
 Metaspace       used 58028K, committed 59712K, reserved 1114112K
  class space    used 8233K, committed 9024K, reserved 1048576K
}
Event: 5.903 GC heap after
{Heap after GC invocations=17 (full 0):
 garbage-first heap   total 147456K, used 67451K [0x0000000080000000, 0x0000000100000000)
  region size 1024K, 4 young (4096K), 4 survivors (4096K)
 Metaspace       used 58028K, committed 59712K, reserved 1114112K
  class space    used 8233K, committed 9024K, reserved 1048576K
}
Event: 6.569 GC heap before
{Heap before GC invocations=17 (full 0):
 garbage-first heap   total 147456K, used 122747K [0x0000000080000000, 0x0000000100000000)
  region size 1024K, 59 young (60416K), 4 survivors (4096K)
 Metaspace       used 65154K, committed 66880K, reserved 1114112K
  class space    used 9211K, committed 10048K, reserved 1048576K
}
Event: 6.572 GC heap after
{Heap after GC invocations=18 (full 0):
 garbage-first heap   total 147456K, used 71548K [0x0000000080000000, 0x0000000100000000)
  region size 1024K, 8 young (8192K), 8 survivors (8192K)
 Metaspace       used 65154K, committed 66880K, reserved 1114112K
  class space    used 9211K, committed 10048K, reserved 1048576K
}
Event: 7.674 GC heap before
{Heap before GC invocations=18 (full 0):
 garbage-first heap   total 147456K, used 126844K [0x0000000080000000, 0x0000000100000000)
  region size 1024K, 62 young (63488K), 8 survivors (8192K)
 Metaspace       used 74092K, committed 75904K, reserved 1114112K
  class space    used 10484K, committed 11392K, reserved 1048576K
}
Event: 7.679 GC heap after
{Heap after GC invocations=19 (full 0):
 garbage-first heap   total 147456K, used 74410K [0x0000000080000000, 0x0000000100000000)
  region size 1024K, 7 young (7168K), 7 survivors (7168K)
 Metaspace       used 74092K, committed 75904K, reserved 1114112K
  class space    used 10484K, committed 11392K, reserved 1048576K
}
Event: 8.808 GC heap before
{Heap before GC invocations=20 (full 0):
 garbage-first heap   total 147456K, used 129706K [0x0000000080000000, 0x0000000100000000)
  region size 1024K, 61 young (62464K), 7 survivors (7168K)
 Metaspace       used 79799K, committed 81664K, reserved 1179648K
  class space    used 11373K, committed 12288K, reserved 1048576K
}
Event: 8.816 GC heap after
{Heap after GC invocations=21 (full 0):
 garbage-first heap   total 147456K, used 78038K [0x0000000080000000, 0x0000000100000000)
  region size 1024K, 7 young (7168K), 7 survivors (7168K)
 Metaspace       used 79799K, committed 81664K, reserved 1179648K
  class space    used 11373K, committed 12288K, reserved 1048576K
}
Event: 9.584 GC heap before
{Heap before GC invocations=21 (full 0):
 garbage-first heap   total 147456K, used 130262K [0x0000000080000000, 0x0000000100000000)
  region size 1024K, 59 young (60416K), 7 survivors (7168K)
 Metaspace       used 80567K, committed 82496K, reserved 1179648K
  class space    used 11415K, committed 12352K, reserved 1048576K
}
Event: 9.589 GC heap after
{Heap after GC invocations=22 (full 0):
 garbage-first heap   total 147456K, used 80970K [0x0000000080000000, 0x0000000100000000)
  region size 1024K, 7 young (7168K), 7 survivors (7168K)
 Metaspace       used 80567K, committed 82496K, reserved 1179648K
  class space    used 11415K, committed 12352K, reserved 1048576K
}

